<?xml version="1.0" encoding="UTF-8"?>
<testsuites name="Test Suite 2" time="22.154" tests="1" failures="0" errors="0">
   <testsuite name="Test Suite 2" tests="1" failures="0" errors="0" time="22.154" skipped="0" timestamp="2021-07-24 17:16:49" hostname="sathianphongsukin - localhost" id="Test Suites/Test Suite 2">
      <properties>
         <property name="deviceName" value=""/>
         <property name="devicePlatform" value=""/>
         <property name="logFolder" value="/Users/sathianphongsukin/Document/\u0E07\u0E32\u0E19/64OTEPC01_DPA/Katalon Studio02/PA02/Reports/20210724_171634/Test Suite 2/20210724_171635"/>
         <property name="logFiles" value="/Users/sathianphongsukin/Document/\u0E07\u0E32\u0E19/64OTEPC01_DPA/Katalon Studio02/PA02/Reports/20210724_171634/Test Suite 2/20210724_171635/execution0.log"/>
         <property name="attachments" value=""/>
         <property name="hostName" value="sathianphongsukin - localhost"/>
         <property name="os" value="Mac OS X 64bit"/>
         <property name="katalonVersion" value="8.0.5.208"/>
         <property name="browser" value="Chrome 92.0.4515.107"/>
         <property name="hostAddress" value="127.0.0.1"/>
         <property name="sessionId" value="4e10ce245158debccd0e1c5ab242a34d"/>
         <property name="seleniumVersion" value="3.141.59"/>
         <property name="proxyInformation" value="ProxyInformation { proxyOption=NO_PROXY, proxyServerType=HTTP, username=, password=********, proxyServerAddress=, proxyServerPort=0, executionList=&quot;&quot;, isApplyToDesiredCapabilities=true }"/>
         <property name="platform" value="Mac OS X"/>
      </properties>
      <testcase name="Test Cases/UAT-PA-01-002" time="21.47" classname="Test Cases/UAT-PA-01-002" status="PASSED">
         <system-out><![CDATA[2021-07-24 17:16:49 - [TEST_CASE][PASSED] - Test Cases/UAT-PA-01-002: Test Cases/UAT-PA-01-002

2021-07-24 17:16:50 - [TEST_STEP][PASSED] - openBrowser(""): Browser is opened with url: ''

2021-07-24 17:16:51 - [MESSAGE][INFO] - Starting 'Chrome' driver

2021-07-24 17:16:51 - [MESSAGE][INFO] - Action delay is set to 0 milliseconds

2021-07-24 17:16:55 - [MESSAGE][PASSED] - Browser is opened with url: ''

2021-07-24 17:16:55 - [TEST_STEP][PASSED] - navigateToUrl("http://eval.sbs-app.com:3005/auth/login"): Navigate to 'http://eval.sbs-app.com:3005/auth/login' successfully

2021-07-24 17:16:57 - [MESSAGE][PASSED] - Navigate to 'http://eval.sbs-app.com:3005/auth/login' successfully

2021-07-24 17:16:57 - [TEST_STEP][PASSED] - click(findTestObject("Object Repository/UAT-PA-01-002/Page_(DPA)/div_(Digital Performamce AppraisalDPA)")): Object: 'Object Repository/UAT-PA-01-002/Page_(DPA)/div_(Digital Performamce AppraisalDPA)' is clicked on

2021-07-24 17:16:58 - [MESSAGE][PASSED] - Object: 'Object Repository/UAT-PA-01-002/Page_(DPA)/div_(Digital Performamce AppraisalDPA)' is clicked on

2021-07-24 17:16:58 - [TEST_STEP][PASSED] - setText(findTestObject("Object Repository/UAT-PA-01-002/Page_(DPA)/input__email"), "piyachon.kompang@gmail.com"): Text 'piyachon.kompang@gmail.com' is set on object 'Object Repository/UAT-PA-01-002/Page_(DPA)/input__email'

2021-07-24 17:16:59 - [MESSAGE][PASSED] - Text 'piyachon.kompang@gmail.com' is set on object 'Object Repository/UAT-PA-01-002/Page_(DPA)/input__email'

2021-07-24 17:16:59 - [TEST_STEP][PASSED] - setEncryptedText(findTestObject("Object Repository/UAT-PA-01-002/Page_(DPA)/input__password"), "4wKTkCwZKEE="): Text ****** has been set on object 'Object Repository/UAT-PA-01-002/Page_(DPA)/input__password'

2021-07-24 17:17:00 - [MESSAGE][PASSED] - Text ****** has been set on object 'Object Repository/UAT-PA-01-002/Page_(DPA)/input__password'

2021-07-24 17:17:00 - [TEST_STEP][PASSED] - click(findTestObject("Object Repository/UAT-PA-01-002/Page_(DPA)/button_")): Object: 'Object Repository/UAT-PA-01-002/Page_(DPA)/button_' is clicked on

2021-07-24 17:17:00 - [MESSAGE][PASSED] - Object: 'Object Repository/UAT-PA-01-002/Page_(DPA)/button_' is clicked on

2021-07-24 17:17:00 - [TEST_STEP][PASSED] - click(findTestObject("Object Repository/UAT-PA-01-002/Page_(DPA)/div_Stockholm-icons  Communication  Group  _fa9e8a")): Object: 'Object Repository/UAT-PA-01-002/Page_(DPA)/div_Stockholm-icons  Communication  Group  _fa9e8a' is clicked on

2021-07-24 17:17:02 - [MESSAGE][PASSED] - Object: 'Object Repository/UAT-PA-01-002/Page_(DPA)/div_Stockholm-icons  Communication  Group  _fa9e8a' is clicked on

2021-07-24 17:17:02 - [TEST_STEP][PASSED] - mouseOver(findTestObject("UAT-PA-01-002/Page_(DPA)/svg_Stockholm-icons  Communication  Write  _c34258")): Object: 'Object Repository/UAT-PA-01-002/Page_(DPA)/svg_Stockholm-icons  Communication  Write  _c34258' is hovered

2021-07-24 17:17:03 - [MESSAGE][PASSED] - Object: 'Object Repository/UAT-PA-01-002/Page_(DPA)/svg_Stockholm-icons  Communication  Write  _c34258' is hovered

2021-07-24 17:17:03 - [TEST_STEP][PASSED] - delay(2): Delayed 2 second(s)

2021-07-24 17:17:05 - [MESSAGE][PASSED] - Delayed 2 second(s)

2021-07-24 17:17:05 - [TEST_STEP][PASSED] - click(findTestObject("Object Repository/UAT-PA-01-002/Page_(DPA)/svg_Stockholm-icons  Communication  Write  _c34258")): Object: 'Object Repository/UAT-PA-01-002/Page_(DPA)/svg_Stockholm-icons  Communication  Write  _c34258' is clicked on

2021-07-24 17:17:05 - [MESSAGE][PASSED] - Object: 'Object Repository/UAT-PA-01-002/Page_(DPA)/svg_Stockholm-icons  Communication  Write  _c34258' is clicked on

2021-07-24 17:17:05 - [TEST_STEP][PASSED] - click(findTestObject("Object Repository/UAT-PA-01-002/Page_(DPA)/svg_Stockholm-icons  General  Attachment2  _c8965f")): Object: 'Object Repository/UAT-PA-01-002/Page_(DPA)/svg_Stockholm-icons  General  Attachment2  _c8965f' is clicked on

2021-07-24 17:17:06 - [MESSAGE][PASSED] - Object: 'Object Repository/UAT-PA-01-002/Page_(DPA)/svg_Stockholm-icons  General  Attachment2  _c8965f' is clicked on

2021-07-24 17:17:06 - [TEST_STEP][PASSED] - delay(2): Delayed 2 second(s)

2021-07-24 17:17:08 - [MESSAGE][PASSED] - Delayed 2 second(s)

2021-07-24 17:17:08 - [TEST_STEP][PASSED] - click(findTestObject("Object Repository/UAT-PA-01-002/Page_(DPA)/button__1")): Object: 'Object Repository/UAT-PA-01-002/Page_(DPA)/button__1' is clicked on

2021-07-24 17:17:08 - [MESSAGE][PASSED] - Object: 'Object Repository/UAT-PA-01-002/Page_(DPA)/button__1' is clicked on

2021-07-24 17:17:08 - [TEST_STEP][PASSED] - closeBrowser(): Browser is closed

2021-07-24 17:17:09 - [MESSAGE][PASSED] - Browser is closed

2021-07-24 17:17:11 - [TEST_STEP][PASSED] - Video: Video recording for test case 'Test Cases/UAT-PA-01-002' .

2021-07-24 17:17:11 - [MESSAGE][INFO] - Video recording for test case 'Test Cases/UAT-PA-01-002' .]]></system-out>
         <system-err><![CDATA[]]></system-err>
      </testcase>
      <system-out><![CDATA[2021-07-24 17:16:49 - [TEST_SUITE][PASSED] - Test Suite 2: Test Cases/UAT-PA-01-002]]></system-out>
      <system-err><![CDATA[]]></system-err>
   </testsuite>
</testsuites>
