<?xml version="1.0" encoding="UTF-8"?>
<testsuites name="Test Suite 3" time="30.019" tests="1" failures="0" errors="0">
   <testsuite name="Test Suite 3" tests="1" failures="0" errors="0" time="30.019" skipped="0" timestamp="2021-07-24 18:52:55" hostname="sathianphongsukin - localhost" id="Test Suites/Test Suite 3">
      <properties>
         <property name="deviceName" value=""/>
         <property name="devicePlatform" value=""/>
         <property name="logFolder" value="/Users/sathianphongsukin/Document/\u0E07\u0E32\u0E19/64OTEPC01_DPA/Katalon Studio02/PA02/Reports/20210724_185241/Test Suite 3/20210724_185243"/>
         <property name="logFiles" value="/Users/sathianphongsukin/Document/\u0E07\u0E32\u0E19/64OTEPC01_DPA/Katalon Studio02/PA02/Reports/20210724_185241/Test Suite 3/20210724_185243/execution0.log"/>
         <property name="attachments" value=""/>
         <property name="hostName" value="sathianphongsukin - localhost"/>
         <property name="os" value="Mac OS X 64bit"/>
         <property name="katalonVersion" value="8.0.5.208"/>
         <property name="browser" value="Chrome 92.0.4515.107"/>
         <property name="hostAddress" value="127.0.0.1"/>
         <property name="sessionId" value="4b6d53c7ab5d2612b444293cc891b300"/>
         <property name="seleniumVersion" value="3.141.59"/>
         <property name="proxyInformation" value="ProxyInformation { proxyOption=NO_PROXY, proxyServerType=HTTP, username=, password=********, proxyServerAddress=, proxyServerPort=0, executionList=&quot;&quot;, isApplyToDesiredCapabilities=true }"/>
         <property name="platform" value="Mac OS X"/>
      </properties>
      <testcase name="Test Cases/UAT-PA-01-003" time="29.107" classname="Test Cases/UAT-PA-01-003" status="PASSED">
         <system-out><![CDATA[2021-07-24 18:52:56 - [TEST_CASE][PASSED] - Test Cases/UAT-PA-01-003: Test Cases/UAT-PA-01-003

2021-07-24 18:52:57 - [TEST_STEP][PASSED] - openBrowser(""): Browser is opened with url: ''

2021-07-24 18:52:57 - [MESSAGE][INFO] - Starting 'Chrome' driver

2021-07-24 18:52:57 - [MESSAGE][INFO] - Action delay is set to 0 milliseconds

2021-07-24 18:53:00 - [MESSAGE][PASSED] - Browser is opened with url: ''

2021-07-24 18:53:00 - [TEST_STEP][PASSED] - navigateToUrl("http://eval.sbs-app.com:3005/auth/login"): Navigate to 'http://eval.sbs-app.com:3005/auth/login' successfully

2021-07-24 18:53:03 - [MESSAGE][PASSED] - Navigate to 'http://eval.sbs-app.com:3005/auth/login' successfully

2021-07-24 18:53:03 - [TEST_STEP][PASSED] - setText(findTestObject("Object Repository/UAT-PA-01-001/Page_(DPA)/input__email"), "piyachon.kompang@gmail.com"): Text 'piyachon.kompang@gmail.com' is set on object 'Object Repository/UAT-PA-01-001/Page_(DPA)/input__email'

2021-07-24 18:53:05 - [MESSAGE][PASSED] - Text 'piyachon.kompang@gmail.com' is set on object 'Object Repository/UAT-PA-01-001/Page_(DPA)/input__email'

2021-07-24 18:53:05 - [TEST_STEP][PASSED] - setEncryptedText(findTestObject("Object Repository/UAT-PA-01-001/Page_(DPA)/input__password"), "4wKTkCwZKEE="): Text ****** has been set on object 'Object Repository/UAT-PA-01-001/Page_(DPA)/input__password'

2021-07-24 18:53:05 - [MESSAGE][PASSED] - Text ****** has been set on object 'Object Repository/UAT-PA-01-001/Page_(DPA)/input__password'

2021-07-24 18:53:05 - [TEST_STEP][PASSED] - click(findTestObject("Object Repository/UAT-PA-01-001/Page_(DPA)/button_")): Object: 'Object Repository/UAT-PA-01-001/Page_(DPA)/button_' is clicked on

2021-07-24 18:53:06 - [MESSAGE][PASSED] - Object: 'Object Repository/UAT-PA-01-001/Page_(DPA)/button_' is clicked on

2021-07-24 18:53:06 - [TEST_STEP][PASSED] - click(findTestObject("Object Repository/UAT-PA-01-001/Page_(DPA)/a_Stockholm-icons  Communication  Write    _033300")): Object: 'Object Repository/UAT-PA-01-001/Page_(DPA)/a_Stockholm-icons  Communication  Write    _033300' is clicked on

2021-07-24 18:53:08 - [MESSAGE][PASSED] - Object: 'Object Repository/UAT-PA-01-001/Page_(DPA)/a_Stockholm-icons  Communication  Write    _033300' is clicked on

2021-07-24 18:53:08 - [TEST_STEP][PASSED] - click(findTestObject("Object Repository/UAT-PA-01-001/Page_(DPA)/a_Stockholm-icons  Communication  Write    _033300_1")): Object: 'Object Repository/UAT-PA-01-001/Page_(DPA)/a_Stockholm-icons  Communication  Write    _033300_1' is clicked on

2021-07-24 18:53:09 - [MESSAGE][PASSED] - Object: 'Object Repository/UAT-PA-01-001/Page_(DPA)/a_Stockholm-icons  Communication  Write    _033300_1' is clicked on

2021-07-24 18:53:09 - [TEST_STEP][PASSED] - setText(findTestObject("Object Repository/UAT-PA-01-001/Page_(DPA)/input_1_score_1_1"), "25"): Text '25' is set on object 'Object Repository/UAT-PA-01-001/Page_(DPA)/input_1_score_1_1'

2021-07-24 18:53:10 - [MESSAGE][PASSED] - Text '25' is set on object 'Object Repository/UAT-PA-01-001/Page_(DPA)/input_1_score_1_1'

2021-07-24 18:53:10 - [TEST_STEP][PASSED] - setText(findTestObject("Object Repository/UAT-PA-01-001/Page_(DPA)/input_1_score_1_2"), "28"): Text '28' is set on object 'Object Repository/UAT-PA-01-001/Page_(DPA)/input_1_score_1_2'

2021-07-24 18:53:10 - [MESSAGE][PASSED] - Text '28' is set on object 'Object Repository/UAT-PA-01-001/Page_(DPA)/input_1_score_1_2'

2021-07-24 18:53:10 - [TEST_STEP][PASSED] - setText(findTestObject("Object Repository/UAT-PA-01-001/Page_(DPA)/input_1_score_1_3"), "24"): Text '24' is set on object 'Object Repository/UAT-PA-01-001/Page_(DPA)/input_1_score_1_3'

2021-07-24 18:53:11 - [MESSAGE][PASSED] - Text '24' is set on object 'Object Repository/UAT-PA-01-001/Page_(DPA)/input_1_score_1_3'

2021-07-24 18:53:11 - [TEST_STEP][PASSED] - setText(findTestObject("Object Repository/UAT-PA-01-001/Page_(DPA)/input_2_score_2_1"), "10"): Text '10' is set on object 'Object Repository/UAT-PA-01-001/Page_(DPA)/input_2_score_2_1'

2021-07-24 18:53:12 - [MESSAGE][PASSED] - Text '10' is set on object 'Object Repository/UAT-PA-01-001/Page_(DPA)/input_2_score_2_1'

2021-07-24 18:53:12 - [TEST_STEP][PASSED] - setText(findTestObject("Object Repository/UAT-PA-01-001/Page_(DPA)/input_2_score_2_2"), "15"): Text '15' is set on object 'Object Repository/UAT-PA-01-001/Page_(DPA)/input_2_score_2_2'

2021-07-24 18:53:13 - [MESSAGE][PASSED] - Text '15' is set on object 'Object Repository/UAT-PA-01-001/Page_(DPA)/input_2_score_2_2'

2021-07-24 18:53:13 - [TEST_STEP][PASSED] - setText(findTestObject("Object Repository/UAT-PA-01-001/Page_(DPA)/input_2_score_2_3"), "14"): Text '14' is set on object 'Object Repository/UAT-PA-01-001/Page_(DPA)/input_2_score_2_3'

2021-07-24 18:53:14 - [MESSAGE][PASSED] - Text '14' is set on object 'Object Repository/UAT-PA-01-001/Page_(DPA)/input_2_score_2_3'

2021-07-24 18:53:14 - [TEST_STEP][PASSED] - delay(2): Delayed 2 second(s)

2021-07-24 18:53:16 - [MESSAGE][PASSED] - Delayed 2 second(s)

2021-07-24 18:53:16 - [TEST_STEP][PASSED] - setText(findTestObject("Object Repository/UAT-PA-01-001/Page_(DPA)/input_1_score_1_1"), "57"): Text '57' is set on object 'Object Repository/UAT-PA-01-001/Page_(DPA)/input_1_score_1_1'

2021-07-24 18:53:16 - [MESSAGE][PASSED] - Text '57' is set on object 'Object Repository/UAT-PA-01-001/Page_(DPA)/input_1_score_1_1'

2021-07-24 18:53:16 - [TEST_STEP][PASSED] - setText(findTestObject("Object Repository/UAT-PA-01-001/Page_(DPA)/input_1_score_1_2"), "56"): Text '56' is set on object 'Object Repository/UAT-PA-01-001/Page_(DPA)/input_1_score_1_2'

2021-07-24 18:53:17 - [MESSAGE][PASSED] - Text '56' is set on object 'Object Repository/UAT-PA-01-001/Page_(DPA)/input_1_score_1_2'

2021-07-24 18:53:17 - [TEST_STEP][PASSED] - setText(findTestObject("Object Repository/UAT-PA-01-001/Page_(DPA)/input_1_score_1_3"), "59"): Text '59' is set on object 'Object Repository/UAT-PA-01-001/Page_(DPA)/input_1_score_1_3'

2021-07-24 18:53:18 - [MESSAGE][PASSED] - Text '59' is set on object 'Object Repository/UAT-PA-01-001/Page_(DPA)/input_1_score_1_3'

2021-07-24 18:53:18 - [TEST_STEP][PASSED] - setText(findTestObject("Object Repository/UAT-PA-01-001/Page_(DPA)/input_2_score_2_1"), "38"): Text '38' is set on object 'Object Repository/UAT-PA-01-001/Page_(DPA)/input_2_score_2_1'

2021-07-24 18:53:19 - [MESSAGE][PASSED] - Text '38' is set on object 'Object Repository/UAT-PA-01-001/Page_(DPA)/input_2_score_2_1'

2021-07-24 18:53:19 - [TEST_STEP][PASSED] - setText(findTestObject("Object Repository/UAT-PA-01-001/Page_(DPA)/input_2_score_2_2"), "39"): Text '39' is set on object 'Object Repository/UAT-PA-01-001/Page_(DPA)/input_2_score_2_2'

2021-07-24 18:53:20 - [MESSAGE][PASSED] - Text '39' is set on object 'Object Repository/UAT-PA-01-001/Page_(DPA)/input_2_score_2_2'

2021-07-24 18:53:20 - [TEST_STEP][PASSED] - setText(findTestObject("Object Repository/UAT-PA-01-001/Page_(DPA)/input_2_score_2_3"), "36"): Text '36' is set on object 'Object Repository/UAT-PA-01-001/Page_(DPA)/input_2_score_2_3'

2021-07-24 18:53:20 - [MESSAGE][PASSED] - Text '36' is set on object 'Object Repository/UAT-PA-01-001/Page_(DPA)/input_2_score_2_3'

2021-07-24 18:53:20 - [TEST_STEP][PASSED] - delay(2): Delayed 2 second(s)

2021-07-24 18:53:23 - [MESSAGE][PASSED] - Delayed 2 second(s)

2021-07-24 18:53:23 - [TEST_STEP][PASSED] - closeBrowser(): Browser is closed

2021-07-24 18:53:23 - [MESSAGE][PASSED] - Browser is closed

2021-07-24 18:53:25 - [TEST_STEP][PASSED] - Video: Video recording for test case 'Test Cases/UAT-PA-01-003' .

2021-07-24 18:53:25 - [MESSAGE][INFO] - Video recording for test case 'Test Cases/UAT-PA-01-003' .]]></system-out>
         <system-err><![CDATA[]]></system-err>
      </testcase>
      <system-out><![CDATA[2021-07-24 18:52:55 - [TEST_SUITE][PASSED] - Test Suite 3: Test Cases/UAT-PA-01-003]]></system-out>
      <system-err><![CDATA[]]></system-err>
   </testsuite>
</testsuites>
