<?xml version="1.0" encoding="UTF-8"?>
<testsuites name="Test Suite 1" time="23.266" tests="1" failures="0" errors="0">
   <testsuite name="Test Suite 1" tests="1" failures="0" errors="0" time="23.266" skipped="0" timestamp="2021-07-24 18:37:46" hostname="sathianphongsukin - localhost" id="Test Suites/Test Suite 1">
      <properties>
         <property name="deviceName" value=""/>
         <property name="devicePlatform" value=""/>
         <property name="logFolder" value="/Users/sathianphongsukin/Document/\u0E07\u0E32\u0E19/64OTEPC01_DPA/Katalon Studio02/PA02/Reports/20210724_183732/Test Suite 1/20210724_183732"/>
         <property name="logFiles" value="/Users/sathianphongsukin/Document/\u0E07\u0E32\u0E19/64OTEPC01_DPA/Katalon Studio02/PA02/Reports/20210724_183732/Test Suite 1/20210724_183732/execution0.log"/>
         <property name="attachments" value=""/>
         <property name="hostName" value="sathianphongsukin - localhost"/>
         <property name="os" value="Mac OS X 64bit"/>
         <property name="katalonVersion" value="8.0.5.208"/>
         <property name="browser" value="Chrome 92.0.4515.107"/>
         <property name="hostAddress" value="127.0.0.1"/>
         <property name="sessionId" value="1c913838b90b5b5425d69f4748d39403"/>
         <property name="seleniumVersion" value="3.141.59"/>
         <property name="proxyInformation" value="ProxyInformation { proxyOption=NO_PROXY, proxyServerType=HTTP, username=, password=********, proxyServerAddress=, proxyServerPort=0, executionList=&quot;&quot;, isApplyToDesiredCapabilities=true }"/>
         <property name="platform" value="Mac OS X"/>
      </properties>
      <testcase name="Test Cases/UAT-PA-01-001" time="22.591" classname="Test Cases/UAT-PA-01-001" status="PASSED">
         <system-out><![CDATA[2021-07-24 18:37:46 - [TEST_CASE][PASSED] - Test Cases/UAT-PA-01-001: Test Cases/UAT-PA-01-001

2021-07-24 18:37:47 - [TEST_STEP][PASSED] - openBrowser(""): Browser is opened with url: ''

2021-07-24 18:37:47 - [MESSAGE][INFO] - Starting 'Chrome' driver

2021-07-24 18:37:47 - [MESSAGE][INFO] - Action delay is set to 0 milliseconds

2021-07-24 18:37:51 - [MESSAGE][PASSED] - Browser is opened with url: ''

2021-07-24 18:37:51 - [TEST_STEP][PASSED] - navigateToUrl("http://eval.sbs-app.com:3005/auth/login"): Navigate to 'http://eval.sbs-app.com:3005/auth/login' successfully

2021-07-24 18:37:53 - [MESSAGE][PASSED] - Navigate to 'http://eval.sbs-app.com:3005/auth/login' successfully

2021-07-24 18:37:53 - [TEST_STEP][PASSED] - setText(findTestObject("Object Repository/UAT-PA-01-001/Page_(DPA)/input__email"), "piyachon.kompang@gmail.com"): Text 'piyachon.kompang@gmail.com' is set on object 'Object Repository/UAT-PA-01-001/Page_(DPA)/input__email'

2021-07-24 18:37:54 - [MESSAGE][PASSED] - Text 'piyachon.kompang@gmail.com' is set on object 'Object Repository/UAT-PA-01-001/Page_(DPA)/input__email'

2021-07-24 18:37:54 - [TEST_STEP][PASSED] - setEncryptedText(findTestObject("Object Repository/UAT-PA-01-001/Page_(DPA)/input__password"), "4wKTkCwZKEE="): Text ****** has been set on object 'Object Repository/UAT-PA-01-001/Page_(DPA)/input__password'

2021-07-24 18:37:55 - [MESSAGE][PASSED] - Text ****** has been set on object 'Object Repository/UAT-PA-01-001/Page_(DPA)/input__password'

2021-07-24 18:37:55 - [TEST_STEP][PASSED] - click(findTestObject("Object Repository/UAT-PA-01-001/Page_(DPA)/button_")): Object: 'Object Repository/UAT-PA-01-001/Page_(DPA)/button_' is clicked on

2021-07-24 18:37:55 - [MESSAGE][PASSED] - Object: 'Object Repository/UAT-PA-01-001/Page_(DPA)/button_' is clicked on

2021-07-24 18:37:56 - [TEST_STEP][PASSED] - click(findTestObject("Object Repository/UAT-PA-01-001/Page_(DPA)/a_Stockholm-icons  Communication  Write    _033300")): Object: 'Object Repository/UAT-PA-01-001/Page_(DPA)/a_Stockholm-icons  Communication  Write    _033300' is clicked on

2021-07-24 18:37:57 - [MESSAGE][PASSED] - Object: 'Object Repository/UAT-PA-01-001/Page_(DPA)/a_Stockholm-icons  Communication  Write    _033300' is clicked on

2021-07-24 18:37:57 - [TEST_STEP][PASSED] - click(findTestObject("Object Repository/UAT-PA-01-001/Page_(DPA)/a_Stockholm-icons  Communication  Write    _033300_1")): Object: 'Object Repository/UAT-PA-01-001/Page_(DPA)/a_Stockholm-icons  Communication  Write    _033300_1' is clicked on

2021-07-24 18:37:58 - [MESSAGE][PASSED] - Object: 'Object Repository/UAT-PA-01-001/Page_(DPA)/a_Stockholm-icons  Communication  Write    _033300_1' is clicked on

2021-07-24 18:37:58 - [TEST_STEP][PASSED] - setText(findTestObject("Object Repository/UAT-PA-01-001/Page_(DPA)/input_1_score_1_1"), "40"): Text '40' is set on object 'Object Repository/UAT-PA-01-001/Page_(DPA)/input_1_score_1_1'

2021-07-24 18:37:59 - [MESSAGE][PASSED] - Text '40' is set on object 'Object Repository/UAT-PA-01-001/Page_(DPA)/input_1_score_1_1'

2021-07-24 18:37:59 - [TEST_STEP][PASSED] - setText(findTestObject("Object Repository/UAT-PA-01-001/Page_(DPA)/input_1_score_1_2"), "30"): Text '30' is set on object 'Object Repository/UAT-PA-01-001/Page_(DPA)/input_1_score_1_2'

2021-07-24 18:38:00 - [MESSAGE][PASSED] - Text '30' is set on object 'Object Repository/UAT-PA-01-001/Page_(DPA)/input_1_score_1_2'

2021-07-24 18:38:00 - [TEST_STEP][PASSED] - setText(findTestObject("Object Repository/UAT-PA-01-001/Page_(DPA)/input_1_score_1_3"), "10"): Text '10' is set on object 'Object Repository/UAT-PA-01-001/Page_(DPA)/input_1_score_1_3'

2021-07-24 18:38:01 - [MESSAGE][PASSED] - Text '10' is set on object 'Object Repository/UAT-PA-01-001/Page_(DPA)/input_1_score_1_3'

2021-07-24 18:38:01 - [TEST_STEP][PASSED] - setText(findTestObject("Object Repository/UAT-PA-01-001/Page_(DPA)/input_2_score_2_1"), "10"): Text '10' is set on object 'Object Repository/UAT-PA-01-001/Page_(DPA)/input_2_score_2_1'

2021-07-24 18:38:01 - [MESSAGE][PASSED] - Text '10' is set on object 'Object Repository/UAT-PA-01-001/Page_(DPA)/input_2_score_2_1'

2021-07-24 18:38:01 - [TEST_STEP][PASSED] - setText(findTestObject("Object Repository/UAT-PA-01-001/Page_(DPA)/input_2_score_2_2"), "20"): Text '20' is set on object 'Object Repository/UAT-PA-01-001/Page_(DPA)/input_2_score_2_2'

2021-07-24 18:38:02 - [MESSAGE][PASSED] - Text '20' is set on object 'Object Repository/UAT-PA-01-001/Page_(DPA)/input_2_score_2_2'

2021-07-24 18:38:02 - [TEST_STEP][PASSED] - setText(findTestObject("Object Repository/UAT-PA-01-001/Page_(DPA)/input_2_score_2_3"), "20"): Text '20' is set on object 'Object Repository/UAT-PA-01-001/Page_(DPA)/input_2_score_2_3'

2021-07-24 18:38:03 - [MESSAGE][PASSED] - Text '20' is set on object 'Object Repository/UAT-PA-01-001/Page_(DPA)/input_2_score_2_3'

2021-07-24 18:38:03 - [TEST_STEP][PASSED] - setText(findTestObject("Object Repository/UAT-PA-01-001/Page_(DPA)/input__form-control form-control-lg form-co_14a1f4"), "มานะ ทันที"): Text 'มานะ ทันที' is set on object 'Object Repository/UAT-PA-01-001/Page_(DPA)/input__form-control form-control-lg form-co_14a1f4'

2021-07-24 18:38:04 - [MESSAGE][PASSED] - Text 'มานะ ทันที' is set on object 'Object Repository/UAT-PA-01-001/Page_(DPA)/input__form-control form-control-lg form-co_14a1f4'

2021-07-24 18:38:04 - [TEST_STEP][PASSED] - setText(findTestObject("UAT-PA-01-001/input__form-control form-control-lg form-co_left"), "สมบูรณ์ พูนพัน"): Text 'สมบูรณ์ พูนพัน' is set on object 'Object Repository/UAT-PA-01-001/input__form-control form-control-lg form-co_left'

2021-07-24 18:38:05 - [MESSAGE][PASSED] - Text 'สมบูรณ์ พูนพัน' is set on object 'Object Repository/UAT-PA-01-001/input__form-control form-control-lg form-co_left'

2021-07-24 18:38:05 - [TEST_STEP][PASSED] - setText(findTestObject("Object Repository/UAT-PA-01-001/Page_(DPA)/input__fullname_result_evaluate3"), "วีระพงษ์ ขวัญมา"): Text 'วีระพงษ์ ขวัญมา' is set on object 'Object Repository/UAT-PA-01-001/Page_(DPA)/input__fullname_result_evaluate3'

2021-07-24 18:38:06 - [MESSAGE][PASSED] - Text 'วีระพงษ์ ขวัญมา' is set on object 'Object Repository/UAT-PA-01-001/Page_(DPA)/input__fullname_result_evaluate3'

2021-07-24 18:38:06 - [TEST_STEP][PASSED] - click(findTestObject("Object Repository/UAT-PA-01-001/Page_(DPA)/i_Back_fa fa-arrow-left")): Object: 'Object Repository/UAT-PA-01-001/Page_(DPA)/i_Back_fa fa-arrow-left' is clicked on

2021-07-24 18:38:06 - [MESSAGE][PASSED] - Object: 'Object Repository/UAT-PA-01-001/Page_(DPA)/i_Back_fa fa-arrow-left' is clicked on

2021-07-24 18:38:06 - [TEST_STEP][PASSED] - closeBrowser(): Browser is closed

2021-07-24 18:38:06 - [MESSAGE][PASSED] - Browser is closed

2021-07-24 18:38:09 - [TEST_STEP][PASSED] - Video: Video recording for test case 'Test Cases/UAT-PA-01-001' .

2021-07-24 18:38:09 - [MESSAGE][INFO] - Video recording for test case 'Test Cases/UAT-PA-01-001' .]]></system-out>
         <system-err><![CDATA[]]></system-err>
      </testcase>
      <system-out><![CDATA[2021-07-24 18:37:46 - [TEST_SUITE][PASSED] - Test Suite 1: Test Cases/UAT-PA-01-001]]></system-out>
      <system-err><![CDATA[]]></system-err>
   </testsuite>
</testsuites>
