<?xml version="1.0" encoding="UTF-8"?>
<testsuites name="Test Suite 4" time="19.367" tests="1" failures="0" errors="0">
   <testsuite name="Test Suite 4" tests="1" failures="0" errors="0" time="19.367" skipped="0" timestamp="2021-07-24 20:20:06" hostname="sathianphongsukin - localhost" id="Test Suites/Test Suite 4">
      <properties>
         <property name="deviceName" value=""/>
         <property name="devicePlatform" value=""/>
         <property name="logFolder" value="/Users/sathianphongsukin/Document/\u0E07\u0E32\u0E19/64OTEPC01_DPA/Katalon Studio02/PA02/Reports/20210724_201950/Test Suite 4/20210724_201950"/>
         <property name="logFiles" value="/Users/sathianphongsukin/Document/\u0E07\u0E32\u0E19/64OTEPC01_DPA/Katalon Studio02/PA02/Reports/20210724_201950/Test Suite 4/20210724_201950/execution0.log"/>
         <property name="attachments" value=""/>
         <property name="hostName" value="sathianphongsukin - localhost"/>
         <property name="os" value="Mac OS X 64bit"/>
         <property name="katalonVersion" value="8.0.5.208"/>
         <property name="browser" value="Chrome 92.0.4515.107"/>
         <property name="hostAddress" value="127.0.0.1"/>
         <property name="sessionId" value="202bd170a1fc46c84a813297282abd23"/>
         <property name="seleniumVersion" value="3.141.59"/>
         <property name="proxyInformation" value="ProxyInformation { proxyOption=NO_PROXY, proxyServerType=HTTP, username=, password=********, proxyServerAddress=, proxyServerPort=0, executionList=&quot;&quot;, isApplyToDesiredCapabilities=true }"/>
         <property name="platform" value="Mac OS X"/>
      </properties>
      <testcase name="Test Cases/UAT-PA-01-004" time="18.935" classname="Test Cases/UAT-PA-01-004" status="PASSED">
         <system-out><![CDATA[2021-07-24 20:20:06 - [TEST_CASE][PASSED] - Test Cases/UAT-PA-01-004: Test Cases/UAT-PA-01-004

2021-07-24 20:20:07 - [TEST_STEP][PASSED] - openBrowser(""): Browser is opened with url: ''

2021-07-24 20:20:07 - [MESSAGE][INFO] - Starting 'Chrome' driver

2021-07-24 20:20:07 - [MESSAGE][INFO] - Action delay is set to 0 milliseconds

2021-07-24 20:20:10 - [MESSAGE][PASSED] - Browser is opened with url: ''

2021-07-24 20:20:10 - [TEST_STEP][PASSED] - navigateToUrl("http://eval.sbs-app.com:3003/auth/login"): Navigate to 'http://eval.sbs-app.com:3003/auth/login' successfully

2021-07-24 20:20:13 - [MESSAGE][PASSED] - Navigate to 'http://eval.sbs-app.com:3003/auth/login' successfully

2021-07-24 20:20:13 - [TEST_STEP][PASSED] - setText(findTestObject("Object Repository/UAT-PA-01-004/input__email"), "admin@demo.com"): Text 'admin@demo.com' is set on object 'Object Repository/UAT-PA-01-004/input__email'

2021-07-24 20:20:15 - [MESSAGE][PASSED] - Text 'admin@demo.com' is set on object 'Object Repository/UAT-PA-01-004/input__email'

2021-07-24 20:20:15 - [TEST_STEP][PASSED] - setEncryptedText(findTestObject("Object Repository/UAT-PA-01-004/input__password"), "PblvLzUlPsM="): Text ****** has been set on object 'Object Repository/UAT-PA-01-004/input__password'

2021-07-24 20:20:15 - [MESSAGE][PASSED] - Text ****** has been set on object 'Object Repository/UAT-PA-01-004/input__password'

2021-07-24 20:20:15 - [TEST_STEP][PASSED] - click(findTestObject("Object Repository/UAT-PA-01-004/button_")): Object: 'Object Repository/UAT-PA-01-004/button_' is clicked on

2021-07-24 20:20:16 - [MESSAGE][PASSED] - Object: 'Object Repository/UAT-PA-01-004/button_' is clicked on

2021-07-24 20:20:16 - [TEST_STEP][PASSED] - delay(2): Delayed 2 second(s)

2021-07-24 20:20:18 - [MESSAGE][PASSED] - Delayed 2 second(s)

2021-07-24 20:20:18 - [TEST_STEP][PASSED] - navigateToUrl("http://eval.sbs-app.com:3003/setting/pa-criterions"): Navigate to 'http://eval.sbs-app.com:3003/setting/pa-criterions' successfully

2021-07-24 20:20:18 - [MESSAGE][PASSED] - Navigate to 'http://eval.sbs-app.com:3003/setting/pa-criterions' successfully

2021-07-24 20:20:18 - [TEST_STEP][PASSED] - selectOptionByValue(findTestObject("Object Repository/UAT-PA-01-004/select_256525642563"), "2565", true): All options with value '2565' are selected in object 'Object Repository/UAT-PA-01-004/select_256525642563'  using regular expression

2021-07-24 20:20:20 - [MESSAGE][PASSED] - All options with value '2565' are selected in object 'Object Repository/UAT-PA-01-004/select_256525642563'  using regular expression

2021-07-24 20:20:20 - [TEST_STEP][PASSED] - setText(findTestObject("Object Repository/UAT-PA-01-004/input__form-control"), "60"): Text '60' is set on object 'Object Repository/UAT-PA-01-004/input__form-control'

2021-07-24 20:20:20 - [MESSAGE][PASSED] - Text '60' is set on object 'Object Repository/UAT-PA-01-004/input__form-control'

2021-07-24 20:20:20 - [TEST_STEP][PASSED] - click(findTestObject("Object Repository/UAT-PA-01-004/div_256525642563 PA 1   2")): Object: 'Object Repository/UAT-PA-01-004/div_256525642563 PA 1   2' is clicked on

2021-07-24 20:20:21 - [MESSAGE][PASSED] - Object: 'Object Repository/UAT-PA-01-004/div_256525642563 PA 1   2' is clicked on

2021-07-24 20:20:21 - [TEST_STEP][PASSED] - delay(2): Delayed 2 second(s)

2021-07-24 20:20:23 - [MESSAGE][PASSED] - Delayed 2 second(s)

2021-07-24 20:20:23 - [TEST_STEP][PASSED] - closeBrowser(): Browser is closed

2021-07-24 20:20:23 - [MESSAGE][PASSED] - Browser is closed

2021-07-24 20:20:25 - [TEST_STEP][PASSED] - Video: Video recording for test case 'Test Cases/UAT-PA-01-004' .

2021-07-24 20:20:25 - [MESSAGE][INFO] - Video recording for test case 'Test Cases/UAT-PA-01-004' .]]></system-out>
         <system-err><![CDATA[]]></system-err>
      </testcase>
      <system-out><![CDATA[2021-07-24 20:20:06 - [TEST_SUITE][PASSED] - Test Suite 4: Test Cases/UAT-PA-01-004]]></system-out>
      <system-err><![CDATA[]]></system-err>
   </testsuite>
</testsuites>
